[debug] [2024-01-05T14:00:53.517Z] ----------------------------------------------------------------------
[debug] [2024-01-05T14:00:53.521Z] Command:       C:\Program Files\nodejs\node.exe C:\Users\Admin\AppData\Roaming\npm\node_modules\firebase-tools\lib\bin\firebase.js init
[debug] [2024-01-05T14:00:53.522Z] CLI Version:   13.0.2
[debug] [2024-01-05T14:00:53.522Z] Platform:      win32
[debug] [2024-01-05T14:00:53.523Z] Node Version:  v20.10.0
[debug] [2024-01-05T14:00:53.523Z] Time:          Fri Jan 05 2024 21:00:53 GMT+0700 (GMT+07:00)
[debug] [2024-01-05T14:00:53.523Z] ----------------------------------------------------------------------
[debug] 
[debug] [2024-01-05T14:00:53.527Z] >>> [apiv2][query] GET https://firebase-public.firebaseio.com/cli.json [none]
[debug] [2024-01-05T14:00:53.602Z] > command requires scopes: ["email","openid","https://www.googleapis.com/auth/cloudplatformprojects.readonly","https://www.googleapis.com/auth/firebase","https://www.googleapis.com/auth/cloud-platform"]
[debug] [2024-01-05T14:00:53.603Z] > authorizing via signed-in user (kieu.dtt.2002@gmail.com)
[info] 
     ######## #### ########  ######## ########     ###     ######  ########
     ##        ##  ##     ## ##       ##     ##  ##   ##  ##       ##
     ######    ##  ########  ######   ########  #########  ######  ######
     ##        ##  ##    ##  ##       ##     ## ##     ##       ## ##
     ##       #### ##     ## ######## ########  ##     ##  ######  ########

You're about to initialize a Firebase project in this directory:

  D:\Kieu-WorkSpace\3.Project\luckyapp2

[debug] [2024-01-05T14:00:54.226Z] <<< [apiv2][status] GET https://firebase-public.firebaseio.com/cli.json 200
[debug] [2024-01-05T14:00:54.226Z] <<< [apiv2][body] GET https://firebase-public.firebaseio.com/cli.json {"cloudBuildErrorAfter":1594252800000,"cloudBuildWarnAfter":1590019200000,"defaultNode10After":1594252800000,"minVersion":"3.0.5","node8DeploysDisabledAfter":1613390400000,"node8RuntimeDisabledAfter":1615809600000,"node8WarnAfter":1600128000000}
[info] 
=== Project Setup
[info] 
[info] First, let's associate this project directory with a Firebase project.
[info] You can create multiple project aliases by running firebase use --add, 
[info] but for now we'll just set up a default project.
[info] 
[debug] [2024-01-05T14:01:40.168Z] > refreshing access token with scopes: []
[debug] [2024-01-05T14:01:40.169Z] >>> [apiv2][query] POST https://www.googleapis.com/oauth2/v3/token [none]
[debug] [2024-01-05T14:01:40.169Z] >>> [apiv2][body] POST https://www.googleapis.com/oauth2/v3/token [omitted]
[debug] [2024-01-05T14:01:41.503Z] <<< [apiv2][status] POST https://www.googleapis.com/oauth2/v3/token 200
[debug] [2024-01-05T14:01:41.503Z] <<< [apiv2][body] POST https://www.googleapis.com/oauth2/v3/token [omitted]
[debug] [2024-01-05T14:01:41.516Z] >>> [apiv2][query] GET https://firebase.googleapis.com/v1beta1/projects pageSize=100
[debug] [2024-01-05T14:01:42.420Z] <<< [apiv2][status] GET https://firebase.googleapis.com/v1beta1/projects 200
[debug] [2024-01-05T14:01:42.420Z] <<< [apiv2][body] GET https://firebase.googleapis.com/v1beta1/projects [omitted]
[info] i  Using project lucky-pink (lucky-pink) 
[info] 
=== Hosting Setup
[debug] [2024-01-05T14:02:52.037Z] >>> [apiv2][query] GET https://firebase.googleapis.com/v1beta1/projects/lucky-pink [none]
[debug] [2024-01-05T14:02:52.486Z] <<< [apiv2][status] GET https://firebase.googleapis.com/v1beta1/projects/lucky-pink 200
[debug] [2024-01-05T14:02:52.486Z] <<< [apiv2][body] GET https://firebase.googleapis.com/v1beta1/projects/lucky-pink {"projectId":"lucky-pink","projectNumber":"647538543087","displayName":"lucky-pink","name":"projects/lucky-pink","resources":{"hostingSite":"lucky-pink"},"state":"ACTIVE","etag":"1_d1e48802-aa2f-45d4-920f-a6cd683af92c"}
[info] 
[info] Your public directory is the folder (relative to your project directory) that
[info] will contain Hosting assets to be uploaded with firebase deploy. If you
[info] have a build process for your assets, use your build's output directory.
[info] 
[debug] [2024-01-05T14:03:39.288Z] >>> [apiv2][query] GET https://www.gstatic.com/firebasejs/releases.json [none]
[debug] [2024-01-05T14:03:39.511Z] <<< [apiv2][status] GET https://www.gstatic.com/firebasejs/releases.json 200
[debug] [2024-01-05T14:03:39.511Z] <<< [apiv2][body] GET https://www.gstatic.com/firebasejs/releases.json {"current":{"version":"10.7.1","browserURL":"https://www.gstatic.com/firebasejs/10.7.1/firebase.js","packageURL":"https://www.gstatic.com/firebasejs/10.7.1/firebase.tgz"},"live":{"version":"10.7","browserURL":"https://www.gstatic.com/firebasejs/live/10.7/firebase.js","packageURL":"https://www.gstatic.com/firebasejs/live/10.7/firebase.tgz"},"components":{"analytics":"https://www.gstatic.com/firebasejs/10.7.1/firebase-analytics.js","app":"https://www.gstatic.com/firebasejs/10.7.1/firebase-app.js","app-check":"https://www.gstatic.com/firebasejs/10.7.1/firebase-app-check.js","auth":"https://www.gstatic.com/firebasejs/10.7.1/firebase-auth.js","auth/cordova":"https://www.gstatic.com/firebasejs/10.7.1/firebase-auth/cordova.js","functions":"https://www.gstatic.com/firebasejs/10.7.1/firebase-functions.js","firestore":"https://www.gstatic.com/firebasejs/10.7.1/firebase-firestore.js","firestore/lite":"https://www.gstatic.com/firebasejs/10.7.1/firebase-firestore/lite.js","installations":"https://www.gstatic.com/firebasejs/10.7.1/firebase-installations.js","storage":"https://www.gstatic.com/firebasejs/10.7.1/firebase-storage.js","performance":"https://www.gstatic.com/firebasejs/10.7.1/firebase-performance.js","remote-config":"https://www.gstatic.com/firebasejs/10.7.1/firebase-remote-config.js","messaging":"https://www.gstatic.com/firebasejs/10.7.1/firebase-messaging.js","messaging/sw":"https://www.gstatic.com/firebasejs/10.7.1/firebase-messaging/sw.js","database":"https://www.gstatic.com/firebasejs/10.7.1/firebase-database.js","firestore.memory":"https://www.gstatic.com/firebasejs/10.7.1/firebase-firestore.memory.js"}}
[info] +  Wrote dist/index.html 
[info] 
[info] i  Detected a .git folder at D:\Kieu-WorkSpace\3.Project\luckyapp2 
[info] i  Authorizing with GitHub to upload your service account to a GitHub repository's secrets store. 
[info] 
[info] Visit this URL on this device to log in:
[info] https://github.com/login/oauth/authorize?client_id=89cf50f02ac6aaed3484&state=606884672&redirect_uri=http%3A%2F%2Flocalhost%3A9005&scope=read%3Auser%20repo%20public_repo
[info] 
[info] Waiting for authentication...
[debug] [2024-01-05T14:03:40.547Z] >>> [apiv2][query] POST https://github.com/login/oauth/access_token [none]
[debug] [2024-01-05T14:03:40.548Z] >>> [apiv2][body] POST https://github.com/login/oauth/access_token [stream]
[debug] [2024-01-05T14:03:41.154Z] <<< [apiv2][status] POST https://github.com/login/oauth/access_token 200
[debug] [2024-01-05T14:03:41.155Z] <<< [apiv2][body] POST https://github.com/login/oauth/access_token {"access_token":"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","token_type":"bearer","scope":"read:user,repo"}
[debug] [2024-01-05T14:03:41.166Z] >>> [apiv2][query] GET https://api.github.com/user [none]
[debug] [2024-01-05T14:03:41.676Z] <<< [apiv2][status] GET https://api.github.com/user 200
[debug] [2024-01-05T14:03:41.676Z] <<< [apiv2][body] GET https://api.github.com/user {"login":"DoKieu123","id":109577101,"node_id":"U_kgDOBogDjQ","avatar_url":"https://avatars.githubusercontent.com/u/109577101?v=4","gravatar_id":"","url":"https://api.github.com/users/DoKieu123","html_url":"https://github.com/DoKieu123","followers_url":"https://api.github.com/users/DoKieu123/followers","following_url":"https://api.github.com/users/DoKieu123/following{/other_user}","gists_url":"https://api.github.com/users/DoKieu123/gists{/gist_id}","starred_url":"https://api.github.com/users/DoKieu123/starred{/owner}{/repo}","subscriptions_url":"https://api.github.com/users/DoKieu123/subscriptions","organizations_url":"https://api.github.com/users/DoKieu123/orgs","repos_url":"https://api.github.com/users/DoKieu123/repos","events_url":"https://api.github.com/users/DoKieu123/events{/privacy}","received_events_url":"https://api.github.com/users/DoKieu123/received_events","type":"User","site_admin":false,"name":"Đỗ Thúy Kiều","company":null,"blog":"","location":null,"email":null,"hireable":null,"bio":null,"twitter_username":null,"public_repos":4,"public_gists":0,"followers":2,"following":0,"created_at":"2022-07-19T06:24:34Z","updated_at":"2023-12-20T08:06:13Z","private_gists":0,"total_private_repos":0,"owned_private_repos":0,"disk_usage":12859,"collaborators":0,"two_factor_authentication":false,"plan":{"name":"free","space":976562499,"collaborators":0,"private_repos":10000}}
[info] 
[info] +  Success! Logged into GitHub as DoKieu123 
[info] 
